Thu May 30 12:56:36 NZST 2024 : Apache Derby Network Server - 10.14.2.0 - (1828579) started and ready to accept connections on port 1527
----------------------------------------------------------------
Thu May 30 12:56:36 NZST 2024:
Booting Derby version The Apache Software Foundation - Apache Derby - 10.14.2.0 - (1828579): instance a816c00e-018f-c6ff-b048-0000713f8e24 
on database directory C:\Development\NetBeansProjects\untitledRPG\Game_EDB\GameEDB with class loader jdk.internal.loader.ClassLoaders$AppClassLoader@30946e09 
Loaded from file:/C:/Development/ApacheDerby/10.14.2.0/lib/derby.jar
java.vendor=Oracle Corporation
java.runtime.version=11.0.22+9-LTS-219
user.dir=C:\Development\ApacheDerby\10.14.2.0
os.name=Windows 10
os.arch=amd64
os.version=10.0
derby.system.home=C:\Development\NetBeansProjects\untitledRPG\Game_EDB
Database Class Loader started - derby.database.classpath=''
----------------------------------------------------------------
Thu May 30 12:56:37 NZST 2024:
Shutting down instance a816c00e-018f-c6ff-b048-0000713f8e24 on database directory C:\Development\NetBeansProjects\untitledRPG\Game_EDB\GameEDB with class loader jdk.internal.loader.ClassLoaders$AppClassLoader@30946e09 
Thu May 30 12:56:37 NZST 2024 Thread[DRDAConnThread_3,5,main] (DATABASE = GameEDB), (DRDAID = {2}), Database 'GameEDB' shutdown.
----------------------------------------------------------------
Thu May 30 12:56:40 NZST 2024:
Booting Derby version The Apache Software Foundation - Apache Derby - 10.14.2.0 - (1828579): instance 6ede40af-018f-c6ff-b048-0000713f8e24 
on database directory C:\Development\NetBeansProjects\untitledRPG\Game_EDB\GameEDB with class loader jdk.internal.loader.ClassLoaders$AppClassLoader@30946e09 
Loaded from file:/C:/Development/ApacheDerby/10.14.2.0/lib/derby.jar
java.vendor=Oracle Corporation
java.runtime.version=11.0.22+9-LTS-219
user.dir=C:\Development\ApacheDerby\10.14.2.0
os.name=Windows 10
os.arch=amd64
os.version=10.0
derby.system.home=C:\Development\NetBeansProjects\untitledRPG\Game_EDB
Database Class Loader started - derby.database.classpath=''
----------------------------------------------------------------
Thu May 30 12:59:26 NZST 2024: Shutting down Derby engine
----------------------------------------------------------------
Thu May 30 12:59:26 NZST 2024:
Shutting down instance 6ede40af-018f-c6ff-b048-0000713f8e24 on database directory C:\Development\NetBeansProjects\untitledRPG\Game_EDB\GameEDB with class loader jdk.internal.loader.ClassLoaders$AppClassLoader@30946e09 
----------------------------------------------------------------
